<?xml version="1.0" encoding="UTF-8"?>
<!-- Generated by org.testng.reporters.JUnitReportReporter -->
<testsuite skipped="0" hostname="Mds-MBP-2.fios-router.home" name="page_objects_test.HomePageTest" tests="1" failures="0" timestamp="21 Jan 2020 01:58:26 GMT" time="4.739" errors="0">
  <testcase name="searchTest" time="4.739" classname="page_objects_test.HomePageTest"/>
</testsuite> <!-- page_objects_test.HomePageTest -->
